<?xml version="1.0" encoding="UTF-8"?>
<!-- Generated by org.testng.reporters.JUnitReportReporter -->
<testsuite name="com.adactingpract.LoginNegative" tests="1" time="0.589" ignored="0" failures="0" timestamp="19 Jul 2023 06:19:33 GMT" skipped="0" hostname="DESKTOP-NNJQK5J" errors="0">
  <testcase name="loginCr" time="0.589" classname="com.adactingpract.LoginNegative"/>
</testsuite> <!-- com.adactingpract.LoginNegative -->
