<?xml version="1.0" encoding="UTF-8"?>
<!-- Generated by org.testng.reporters.JUnitReportReporter -->
<testsuite name="com.adactingpract.Login" tests="1" time="3.382" ignored="0" failures="0" timestamp="03 Aug 2023 04:45:29 GMT" skipped="0" hostname="DESKTOP-NNJQK5J" errors="0">
  <testcase name="loginCr" time="3.382" classname="com.adactingpract.Login"/>
</testsuite> <!-- com.adactingpract.Login -->
