<?xml version="1.0" encoding="UTF-8"?>
<!-- Generated by org.testng.reporters.JUnitReportReporter -->
<testsuite name="com.multiplewindowshandling.MultipleWindows" tests="1" time="4.208" ignored="0" failures="0" timestamp="04 Aug 2023 13:37:19 GMT" skipped="0" hostname="DESKTOP-NNJQK5J" errors="0">
  <testcase name="windowsHandling" time="4.208" classname="com.multiplewindowshandling.MultipleWindows"/>
</testsuite> <!-- com.multiplewindowshandling.MultipleWindows -->
