<?xml version="1.0" encoding="UTF-8"?>
<!-- Generated by org.testng.reporters.JUnitReportReporter -->
<testsuite name="com.goodreads.GoodReads" tests="1" time="12.723" ignored="0" failures="0" timestamp="04 Aug 2023 19:21:54 GMT" skipped="0" hostname="DESKTOP-NNJQK5J" errors="0">
  <testcase name="goodReads_test" time="12.723" classname="com.goodreads.GoodReads"/>
</testsuite> <!-- com.goodreads.GoodReads -->
